app/models/user_settings.py:8: error: Incompatible types in assignment (expression has type "Column[UUID]", base class "Base" defined the type as "Mapped[UUID]")  [assignment]
app/models/user_privacy_settings.py:8: error: Incompatible types in assignment (expression has type "Column[UUID]", base class "Base" defined the type as "Mapped[UUID]")  [assignment]
app/models/user_favorite_sport.py:8: error: Incompatible types in assignment (expression has type "Column[int]", base class "Base" defined the type as "Mapped[UUID]")  [assignment]
app/models/user_event.py:8: error: Incompatible types in assignment (expression has type "Column[int]", base class "Base" defined the type as "Mapped[UUID]")  [assignment]
app/models/tournament.py:8: error: Incompatible types in assignment (expression has type "Column[UUID]", base class "Base" defined the type as "Mapped[UUID]")  [assignment]
app/models/team_season_stats.py:8: error: Incompatible types in assignment (expression has type "Column[UUID]", base class "Base" defined the type as "Mapped[UUID]")  [assignment]
app/models/team_event.py:8: error: Incompatible types in assignment (expression has type "Column[int]", base class "Base" defined the type as "Mapped[UUID]")  [assignment]
app/models/subscription.py:10: error: Incompatible types in assignment (expression has type "Column[int]", base class "Base" defined the type as "Mapped[UUID]")  [assignment]
app/models/sport_event.py:8: error: Incompatible types in assignment (expression has type "Column[int]", base class "Base" defined the type as "Mapped[UUID]")  [assignment]
app/models/sport.py:7: error: Incompatible types in assignment (expression has type "Column[str]", base class "Base" defined the type as "Mapped[UUID]")  [assignment]
app/models/sponsor.py:8: error: Incompatible types in assignment (expression has type "Column[UUID]", base class "Base" defined the type as "Mapped[UUID]")  [assignment]
app/models/session.py:11: error: Incompatible types in assignment (expression has type "Column[UUID]", base class "Base" defined the type as "Mapped[UUID]")  [assignment]
app/models/quest.py:8: error: Incompatible types in assignment (expression has type "Column[UUID]", base class "Base" defined the type as "Mapped[UUID]")  [assignment]
app/models/post.py:10: error: Incompatible types in assignment (expression has type "Column[UUID]", base class "Base" defined the type as "Mapped[UUID]")  [assignment]
app/models/playground.py:8: error: Incompatible types in assignment (expression has type "Column[UUID]", base class "Base" defined the type as "Mapped[UUID]")  [assignment]
app/models/notification.py:11: error: Incompatible types in assignment (expression has type "Column[int]", base class "Base" defined the type as "Mapped[UUID]")  [assignment]
app/models/looking_for_game.py:9: error: Incompatible types in assignment (expression has type "Column[UUID]", base class "Base" defined the type as "Mapped[UUID]")  [assignment]
app/models/event.py:9: error: Incompatible types in assignment (expression has type "Column[int]", base class "Base" defined the type as "Mapped[UUID]")  [assignment]
app/models/comment.py:10: error: Incompatible types in assignment (expression has type "Column[UUID]", base class "Base" defined the type as "Mapped[UUID]")  [assignment]
app/models/achievement.py:9: error: Incompatible types in assignment (expression has type "Column[UUID]", base class "Base" defined the type as "Mapped[UUID]")  [assignment]
app/crud/__init__.py:1: error: Module "app.crud.crud_user" has no attribute "user"  [attr-defined]
app/routers/users.py:29: error: "User" has no attribute "friends"  [attr-defined]
app/routers/teams.py:39: error: "CRUDTeam" has no attribute "create_with_captain"  [attr-defined]
app/routers/teams.py:73: error: "Team" has no attribute "captain_id"; maybe "captainId" or "captain"?  [attr-defined]
app/routers/teams.py:75: error: "Team" has no attribute "captain_id"; maybe "captainId" or "captain"?  [attr-defined]
app/routers/teams.py:82: error: "CRUDTeam" has no attribute "remove_member"  [attr-defined]
app/routers/teams.py:99: error: "Team" has no attribute "captain_id"; maybe "captainId" or "captain"?  [attr-defined]
app/routers/teams.py:119: error: "CRUDTeam" has no attribute "get_application"  [attr-defined]
app/routers/teams.py:122: error: "CRUDTeam" has no attribute "create_application"  [attr-defined]
app/routers/teams.py:138: error: "Team" has no attribute "captain_id"; maybe "captainId" or "captain"?  [attr-defined]
app/routers/teams.py:140: error: "CRUDTeam" has no attribute "get_applications"  [attr-defined]
app/routers/teams.py:158: error: "Team" has no attribute "captain_id"; maybe "captainId" or "captain"?  [attr-defined]
app/routers/teams.py:160: error: "CRUDTeam" has no attribute "get_application"  [attr-defined]
app/routers/teams.py:167: error: "CRUDTeam" has no attribute "add_member"  [attr-defined]
app/routers/teams.py:168: error: "CRUDTeam" has no attribute "delete_application"  [attr-defined]
app/routers/teams.py:171: error: "CRUDTeam" has no attribute "delete_application"  [attr-defined]
app/routers/teams.py:189: error: "User" has no attribute "following_teams"  [attr-defined]
app/routers/subscriptions.py:17: error: Module has no attribute "follow_team"  [attr-defined]
app/routers/subscriptions.py:17: error: "SubscriptionCreate" has no attribute "team_id"  [attr-defined]
app/routers/subscriptions.py:22: error: Module has no attribute "unfollow_team"  [attr-defined]
app/routers/subscriptions.py:22: error: "SubscriptionCreate" has no attribute "team_id"  [attr-defined]
app/routers/subscriptions.py:27: error: Module has no attribute "is_following"  [attr-defined]
app/routers/subscriptions.py:33: error: Module has no attribute "get_notifications_for_user"  [attr-defined]
app/routers/sports.py:33: error: "CRUDSport" has no attribute "get_by_name"  [attr-defined]
app/routers/sponsors.py:20: error: Module has no attribute "sponsor"  [attr-defined]
app/routers/posts.py:20: error: Module has no attribute "post"  [attr-defined]
app/routers/posts.py:33: error: Module has no attribute "post"  [attr-defined]
app/routers/playgrounds.py:20: error: Module has no attribute "playground"  [attr-defined]
app/routers/playgrounds.py:33: error: Module has no attribute "playground"  [attr-defined]
app/routers/lfg.py:16: error: Incompatible default for argument "type" (default has type "None", argument has type "str")  [assignment]
app/routers/lfg.py:16: note: PEP 484 prohibits implicit Optional. Accordingly, mypy has changed its default to no_implicit_optional=True
app/routers/lfg.py:16: note: Use https://github.com/hauntsaninja/no_implicit_optional to automatically upgrade your codebase
app/routers/lfg.py:17: error: Incompatible default for argument "sport_id" (default has type "None", argument has type "int")  [assignment]
app/routers/lfg.py:17: note: PEP 484 prohibits implicit Optional. Accordingly, mypy has changed its default to no_implicit_optional=True
app/routers/lfg.py:17: note: Use https://github.com/hauntsaninja/no_implicit_optional to automatically upgrade your codebase
app/routers/lfg.py:18: error: Incompatible default for argument "role" (default has type "None", argument has type "str")  [assignment]
app/routers/lfg.py:18: note: PEP 484 prohibits implicit Optional. Accordingly, mypy has changed its default to no_implicit_optional=True
app/routers/lfg.py:18: note: Use https://github.com/hauntsaninja/no_implicit_optional to automatically upgrade your codebase
app/routers/lfg.py:23: error: Module has no attribute "lfg"  [attr-defined]
app/routers/lfg.py:36: error: "LFGCreate" has no attribute "type"  [attr-defined]
app/routers/lfg.py:37: error: "LFGCreate" has no attribute "team_id"  [attr-defined]
app/routers/lfg.py:42: error: "LFGCreate" has no attribute "team_id"  [attr-defined]
app/routers/lfg.py:48: error: "Team" has no attribute "captain_id"; maybe "captainId" or "captain"?  [attr-defined]
app/routers/lfg.py:54: error: Module has no attribute "lfg"  [attr-defined]
app/routers/auth.py:10: error: Module "app.utils" has no attribute "generate_access_token"  [attr-defined]
app/api/api_v1/endpoints/user_favorite_sport.py:21: error: Module has no attribute "user_favorite_sport"  [attr-defined]
app/api/api_v1/endpoints/user_favorite_sport.py:34: error: Module has no attribute "user_favorite_sport"  [attr-defined]
app/api/api_v1/endpoints/user_favorite_sport.py:48: error: Module has no attribute "user_favorite_sport"  [attr-defined]
app/api/api_v1/endpoints/user_favorite_sport.py:54: error: Module has no attribute "user_favorite_sport"  [attr-defined]
app/api/api_v1/endpoints/user_favorite_sport.py:66: error: Module has no attribute "user_favorite_sport"  [attr-defined]
app/api/api_v1/endpoints/user_favorite_sport.py:83: error: Module has no attribute "user_favorite_sport"  [attr-defined]
app/api/api_v1/endpoints/user_favorite_sport.py:89: error: Module has no attribute "user_favorite_sport"  [attr-defined]
app/api/api_v1/endpoints/sport_event.py:21: error: Module has no attribute "sport_event"; maybe "user_event"?  [attr-defined]
app/api/api_v1/endpoints/sport_event.py:34: error: Module has no attribute "sport_event"; maybe "user_event"?  [attr-defined]
app/api/api_v1/endpoints/sport_event.py:48: error: Module has no attribute "sport_event"; maybe "user_event"?  [attr-defined]
app/api/api_v1/endpoints/sport_event.py:54: error: Module has no attribute "sport_event"; maybe "user_event"?  [attr-defined]
app/api/api_v1/endpoints/sport_event.py:66: error: Module has no attribute "sport_event"; maybe "user_event"?  [attr-defined]
app/api/api_v1/endpoints/sport_event.py:83: error: Module has no attribute "sport_event"; maybe "user_event"?  [attr-defined]
app/api/api_v1/endpoints/sport_event.py:89: error: Module has no attribute "sport_event"; maybe "user_event"?  [attr-defined]
Found 73 errors in 32 files (checked 99 source files)
